2022  62          24517 GPS spp: -2267803.859  5009350.279  3220993.624 rtk: -2267812.520  5009352.076  3221012.151
2022  62          24518 GPS spp: -2267803.918  5009348.175  3220992.989 rtk: -2267812.524  5009352.092  3221012.163
2022  62          24519 GPS spp: -2267803.944  5009348.224  3220993.021 rtk: -2267812.523  5009352.080  3221012.157
2022  62          24520 GPS spp: -2267803.937  5009348.163  3220993.031 rtk: -2267812.520  5009352.092  3221012.157
2022  62          24521 GPS spp: -2267803.948  5009348.173  3220993.078 rtk: -2267812.521  5009352.102  3221012.163
2022  62          24522 GPS spp: -2267803.947  5009348.155  3220993.088 rtk: -2267812.514  5009352.097  3221012.168
2022  62          24523 GPS spp: -2267803.950  5009348.234  3220993.117 rtk: -2267812.510  5009352.087  3221012.166
2022  62          24524 GPS spp: -2267803.836  5009352.431  3220994.403 rtk: -2267812.489  5009350.401  3221011.537
2022  62          24525 GPS spp: -2267803.910  5009348.237  3220993.101 rtk: -2267812.500  5009352.083  3221012.154
2022  62          24526 GPS spp: -2267803.936  5009348.290  3220993.121 rtk: -2267812.499  5009352.078  3221012.157
2022  62          24527 GPS spp: -2267803.936  5009348.319  3220993.111 rtk: -2267812.492  5009352.052  3221012.148
2022  62          24528 GPS spp: -2267803.937  5009348.341  3220993.074 rtk: -2267812.504  5009352.063  3221012.151
2022  62          24529 GPS spp: -2267803.969  5009348.352  3220993.053 rtk: -2267812.498  5009352.075  3221012.143
2022  62          24530 GPS spp: -2267804.032  5009348.333  3220993.026 rtk: -2267812.498  5009352.079  3221012.137
2022  62          24531 GPS spp: -2267804.033  5009348.470  3220993.058 rtk: -2267812.500  5009352.072  3221012.138
2022  62          24532 GPS spp: -2267804.015  5009348.488  3220993.018 rtk: -2267812.493  5009352.058  3221012.125
2022  62          24533 GPS spp: -2267803.990  5009348.448  3220992.984 rtk: -2267812.500  5009352.079  3221012.135
2022  62          24534 GPS spp: -2267803.971  5009348.484  3220992.981 rtk: -2267812.498  5009352.063  3221012.131
2022  62          24535 GPS spp: -2267803.995  5009348.468  3220992.992 rtk: -2267812.493  5009352.052  3221012.118
2022  62          24536 GPS spp: -2267804.043  5009348.524  3220993.039 rtk: -2267812.498  5009352.069  3221012.126
2022  62          24537 GPS spp: -2267804.073  5009348.547  3220993.077 rtk: -2267812.500  5009352.086  3221012.127
2022  62          24538 GPS spp: -2267804.026  5009350.624  3220993.721 rtk: -2267812.503  5009352.086  3221012.120
2022  62          24539 GPS spp: -2267804.108  5009348.572  3220993.086 rtk: -2267812.496  5009352.080  3221012.118
2022  62          24540 GPS spp: -2267804.157  5009348.554  3220993.072 rtk: -2267812.498  5009352.109  3221012.126
2022  62          24541 GPS spp: -2267804.070  5009351.942  3220994.086 rtk: -2267812.487  5009350.772  3221011.616
