2022  62          24517 GPS spp: -2267803.859  5009350.279  3220993.624 float-rtk: -2267812.520  5009352.075  3221012.151 ratio:846.073 fixed-rtk:-2267812.475  5009352.111  3221012.145
2022  62          24518 GPS spp: -2267803.918  5009348.175  3220992.989 float-rtk: -2267812.522  5009352.082  3221012.156 ratio:1724.393 fixed-rtk:-2267812.474  5009352.109  3221012.144
2022  62          24519 GPS spp: -2267803.944  5009348.224  3220993.021 float-rtk: -2267812.522  5009352.081  3221012.156 ratio:2082.829 fixed-rtk:-2267812.474  5009352.108  3221012.143
2022  62          24520 GPS spp: -2267803.937  5009348.163  3220993.031 float-rtk: -2267812.522  5009352.084  3221012.157 ratio:2052.016 fixed-rtk:-2267812.474  5009352.109  3221012.144
2022  62          24521 GPS spp: -2267803.948  5009348.173  3220993.078 float-rtk: -2267812.521  5009352.089  3221012.158 ratio:1906.210 fixed-rtk:-2267812.474  5009352.108  3221012.144
2022  62          24522 GPS spp: -2267803.947  5009348.155  3220993.088 float-rtk: -2267812.521  5009352.091  3221012.160 ratio:2281.590 fixed-rtk:-2267812.475  5009352.110  3221012.145
2022  62          24523 GPS spp: -2267803.950  5009348.234  3220993.117 float-rtk: -2267812.519  5009352.090  3221012.162 ratio:2578.084 fixed-rtk:-2267812.474  5009352.110  3221012.146
2022  62          24524 GPS spp: -2267803.836  5009352.431  3220994.403 float-rtk: -2267812.515  5009351.774  3221012.044 ratio:54.981 fixed-rtk:-2267812.475  5009352.114  3221012.147
2022  62          24525 GPS spp: -2267803.910  5009348.237  3220993.101 float-rtk: -2267812.512  5009351.807  3221012.055 ratio:523.143 fixed-rtk:-2267812.474  5009352.109  3221012.144
2022  62          24526 GPS spp: -2267803.936  5009348.290  3220993.121 float-rtk: -2267812.511  5009351.833  3221012.065 ratio:616.618 fixed-rtk:-2267812.474  5009352.108  3221012.144
2022  62          24527 GPS spp: -2267803.936  5009348.319  3220993.111 float-rtk: -2267812.509  5009351.852  3221012.072 ratio:719.375 fixed-rtk:-2267812.473  5009352.106  3221012.143
2022  62          24528 GPS spp: -2267803.937  5009348.341  3220993.074 float-rtk: -2267812.509  5009351.869  3221012.078 ratio:806.219 fixed-rtk:-2267812.474  5009352.108  3221012.144
2022  62          24529 GPS spp: -2267803.969  5009348.352  3220993.053 float-rtk: -2267812.509  5009351.886  3221012.084 ratio:912.562 fixed-rtk:-2267812.474  5009352.109  3221012.145
2022  62          24530 GPS spp: -2267804.032  5009348.333  3220993.026 float-rtk: -2267812.508  5009351.902  3221012.088 ratio:1033.691 fixed-rtk:-2267812.474  5009352.109  3221012.144
2022  62          24531 GPS spp: -2267804.033  5009348.470  3220993.058 float-rtk: -2267812.508  5009351.915  3221012.093 ratio:1127.603 fixed-rtk:-2267812.474  5009352.108  3221012.145
2022  62          24532 GPS spp: -2267804.015  5009348.488  3220993.018 float-rtk: -2267812.507  5009351.924  3221012.094 ratio:1234.765 fixed-rtk:-2267812.474  5009352.107  3221012.144
2022  62          24533 GPS spp: -2267803.990  5009348.448  3220992.984 float-rtk: -2267812.507  5009351.940  3221012.098 ratio:1343.136 fixed-rtk:-2267812.475  5009352.110  3221012.145
2022  62          24534 GPS spp: -2267803.971  5009348.484  3220992.981 float-rtk: -2267812.507  5009351.946  3221012.100 ratio:1435.948 fixed-rtk:-2267812.475  5009352.110  3221012.145
2022  62          24535 GPS spp: -2267803.995  5009348.468  3220992.992 float-rtk: -2267812.507  5009351.952  3221012.101 ratio:1544.853 fixed-rtk:-2267812.475  5009352.110  3221012.145
2022  62          24536 GPS spp: -2267804.043  5009348.524  3220993.039 float-rtk: -2267812.506  5009351.958  3221012.102 ratio:1661.353 fixed-rtk:-2267812.474  5009352.110  3221012.145
2022  62          24537 GPS spp: -2267804.073  5009348.547  3220993.077 float-rtk: -2267812.506  5009351.965  3221012.103 ratio:1804.701 fixed-rtk:-2267812.474  5009352.109  3221012.144
2022  62          24538 GPS spp: -2267804.026  5009350.624  3220993.721 float-rtk: -2267812.505  5009351.975  3221012.105 ratio:1943.097 fixed-rtk:-2267812.474  5009352.111  3221012.144
2022  62          24539 GPS spp: -2267804.108  5009348.572  3220993.086 float-rtk: -2267812.505  5009351.981  3221012.106 ratio:2075.056 fixed-rtk:-2267812.474  5009352.111  3221012.144
2022  62          24540 GPS spp: -2267804.157  5009348.554  3220993.072 float-rtk: -2267812.505  5009351.985  3221012.107 ratio:2180.162 fixed-rtk:-2267812.474  5009352.111  3221012.145
2022  62          24541 GPS spp: -2267804.070  5009351.942  3220994.086 float-rtk: -2267812.504  5009351.914  3221012.079 ratio:84.934 fixed-rtk:-2267812.474  5009352.111  3221012.146
